[20:02:21 INF] : Starting QMUSICSLSK application
[20:02:22 INF] SLSKDONET.Services.DatabaseService: [0ms] Database Init: Starting
[20:02:23 INF] SLSKDONET.Services.DatabaseService: [637ms] Database Init: EnsureCreated completed
[20:02:23 INF] SLSKDONET.Services.DatabaseService: [639ms] Database Init: Column check completed
[20:02:23 INF] SLSKDONET.Services.DatabaseService: [639ms] Database Init: Schema patches completed
[20:02:23 INF] SLSKDONET.Services.DatabaseService: [645ms] Database initialized and schema verified.
[20:02:23 INF] : LibVLC directory found at: C:\Users\quint\Github Hauwei\QMUSICSLSK\bin\Debug\net8.0\libvlc\win-x64
[20:02:23 INF] : LibVLC directory contains 2 DLLs
[20:02:23 FTL] : Startup failed during framework initialization
System.InvalidOperationException: Unable to activate type 'SLSKDONET.Views.MainViewModel'. The following constructors are ambiguous:
Void .ctor(Microsoft.Extensions.Logging.ILogger`1[SLSKDONET.Views.MainViewModel], SLSKDONET.Configuration.AppConfig, SLSKDONET.Configuration.ConfigManager, SLSKDONET.Services.SoulseekAdapter, SLSKDONET.Services.ISoulseekCredentialService, SLSKDONET.Services.INavigationService, SLSKDONET.ViewModels.PlayerViewModel, SLSKDONET.ViewModels.LibraryViewModel, SLSKDONET.ViewModels.SearchViewModel, SLSKDONET.ViewModels.ConnectionViewModel, SLSKDONET.ViewModels.SettingsViewModel, SLSKDONET.Services.IEventBus, SLSKDONET.Services.DownloadManager)
Void .ctor(Microsoft.Extensions.Logging.ILogger`1[SLSKDONET.Views.MainViewModel], SLSKDONET.Configuration.AppConfig, SLSKDONET.Configuration.ConfigManager, SLSKDONET.Services.ISoulseekAdapter, SLSKDONET.Services.ISoulseekCredentialService, SLSKDONET.Services.INavigationService, SLSKDONET.ViewModels.PlayerViewModel, SLSKDONET.ViewModels.LibraryViewModel, SLSKDONET.ViewModels.SearchViewModel, SLSKDONET.ViewModels.ConnectionViewModel, SLSKDONET.ViewModels.SettingsViewModel)
   at Microsoft.Extensions.DependencyInjection.ServiceLookup.CallSiteFactory.CreateConstructorCallSite(ResultCache lifetime, ServiceIdentifier serviceIdentifier, Type implementationType, CallSiteChain callSiteChain)
   at Microsoft.Extensions.DependencyInjection.ServiceLookup.CallSiteFactory.TryCreateExact(ServiceDescriptor descriptor, ServiceIdentifier serviceIdentifier, CallSiteChain callSiteChain, Int32 slot)
   at Microsoft.Extensions.DependencyInjection.ServiceLookup.CallSiteFactory.TryCreateExact(ServiceIdentifier serviceIdentifier, CallSiteChain callSiteChain)
   at Microsoft.Extensions.DependencyInjection.ServiceLookup.CallSiteFactory.CreateCallSite(ServiceIdentifier serviceIdentifier, CallSiteChain callSiteChain)
   at Microsoft.Extensions.DependencyInjection.ServiceLookup.CallSiteFactory.GetCallSite(ServiceIdentifier serviceIdentifier, CallSiteChain callSiteChain)
   at Microsoft.Extensions.DependencyInjection.ServiceProvider.CreateServiceAccessor(ServiceIdentifier serviceIdentifier)
   at System.Collections.Concurrent.ConcurrentDictionary`2.GetOrAdd(TKey key, Func`2 valueFactory)
   at Microsoft.Extensions.DependencyInjection.ServiceProvider.GetService(ServiceIdentifier serviceIdentifier, ServiceProviderEngineScope serviceProviderEngineScope)
   at Microsoft.Extensions.DependencyInjection.ServiceProvider.GetService(Type serviceType)
   at Microsoft.Extensions.DependencyInjection.ServiceProviderServiceExtensions.GetRequiredService(IServiceProvider provider, Type serviceType)
   at Microsoft.Extensions.DependencyInjection.ServiceProviderServiceExtensions.GetRequiredService[T](IServiceProvider provider)
   at SLSKDONET.App.OnFrameworkInitializationCompleted() in C:\Users\quint\Github Hauwei\QMUSICSLSK\App.axaml.cs:line 60
[20:02:23 FTL] : Application terminated unexpectedly
System.InvalidOperationException: Unable to activate type 'SLSKDONET.Views.MainViewModel'. The following constructors are ambiguous:
Void .ctor(Microsoft.Extensions.Logging.ILogger`1[SLSKDONET.Views.MainViewModel], SLSKDONET.Configuration.AppConfig, SLSKDONET.Configuration.ConfigManager, SLSKDONET.Services.SoulseekAdapter, SLSKDONET.Services.ISoulseekCredentialService, SLSKDONET.Services.INavigationService, SLSKDONET.ViewModels.PlayerViewModel, SLSKDONET.ViewModels.LibraryViewModel, SLSKDONET.ViewModels.SearchViewModel, SLSKDONET.ViewModels.ConnectionViewModel, SLSKDONET.ViewModels.SettingsViewModel, SLSKDONET.Services.IEventBus, SLSKDONET.Services.DownloadManager)
Void .ctor(Microsoft.Extensions.Logging.ILogger`1[SLSKDONET.Views.MainViewModel], SLSKDONET.Configuration.AppConfig, SLSKDONET.Configuration.ConfigManager, SLSKDONET.Services.ISoulseekAdapter, SLSKDONET.Services.ISoulseekCredentialService, SLSKDONET.Services.INavigationService, SLSKDONET.ViewModels.PlayerViewModel, SLSKDONET.ViewModels.LibraryViewModel, SLSKDONET.ViewModels.SearchViewModel, SLSKDONET.ViewModels.ConnectionViewModel, SLSKDONET.ViewModels.SettingsViewModel)
   at Microsoft.Extensions.DependencyInjection.ServiceLookup.CallSiteFactory.CreateConstructorCallSite(ResultCache lifetime, ServiceIdentifier serviceIdentifier, Type implementationType, CallSiteChain callSiteChain)
   at Microsoft.Extensions.DependencyInjection.ServiceLookup.CallSiteFactory.TryCreateExact(ServiceDescriptor descriptor, ServiceIdentifier serviceIdentifier, CallSiteChain callSiteChain, Int32 slot)
   at Microsoft.Extensions.DependencyInjection.ServiceLookup.CallSiteFactory.TryCreateExact(ServiceIdentifier serviceIdentifier, CallSiteChain callSiteChain)
   at Microsoft.Extensions.DependencyInjection.ServiceLookup.CallSiteFactory.CreateCallSite(ServiceIdentifier serviceIdentifier, CallSiteChain callSiteChain)
   at Microsoft.Extensions.DependencyInjection.ServiceLookup.CallSiteFactory.GetCallSite(ServiceIdentifier serviceIdentifier, CallSiteChain callSiteChain)
   at Microsoft.Extensions.DependencyInjection.ServiceProvider.CreateServiceAccessor(ServiceIdentifier serviceIdentifier)
   at System.Collections.Concurrent.ConcurrentDictionary`2.GetOrAdd(TKey key, Func`2 valueFactory)
   at Microsoft.Extensions.DependencyInjection.ServiceProvider.GetService(ServiceIdentifier serviceIdentifier, ServiceProviderEngineScope serviceProviderEngineScope)
   at Microsoft.Extensions.DependencyInjection.ServiceProvider.GetService(Type serviceType)
   at Microsoft.Extensions.DependencyInjection.ServiceProviderServiceExtensions.GetRequiredService(IServiceProvider provider, Type serviceType)
   at Microsoft.Extensions.DependencyInjection.ServiceProviderServiceExtensions.GetRequiredService[T](IServiceProvider provider)
   at SLSKDONET.App.OnFrameworkInitializationCompleted() in C:\Users\quint\Github Hauwei\QMUSICSLSK\App.axaml.cs:line 60
   at Avalonia.AppBuilder.SetupUnsafe()
   at Avalonia.AppBuilder.Setup()
   at Avalonia.AppBuilder.SetupWithLifetime(IApplicationLifetime lifetime)
   at Avalonia.ClassicDesktopStyleApplicationLifetimeExtensions.StartWithClassicDesktopLifetime(AppBuilder builder, String[] args, Action`1 lifetimeBuilder)
   at SLSKDONET.Program.Main(String[] args) in C:\Users\quint\Github Hauwei\QMUSICSLSK\Program.cs:line 34
Unhandled exception. System.InvalidOperationException: Unable to activate type 'SLSKDONET.Views.MainViewModel'. The following constructors are ambiguous:
Void .ctor(Microsoft.Extensions.Logging.ILogger`1[SLSKDONET.Views.MainViewModel], SLSKDONET.Configuration.AppConfig, SLSKDONET.Configuration.ConfigManager, SLSKDONET.Services.SoulseekAdapter, SLSKDONET.Services.ISoulseekCredentialService, SLSKDONET.Services.INavigationService, SLSKDONET.ViewModels.PlayerViewModel, SLSKDONET.ViewModels.LibraryViewModel, SLSKDONET.ViewModels.SearchViewModel, SLSKDONET.ViewModels.ConnectionViewModel, SLSKDONET.ViewModels.SettingsViewModel, SLSKDONET.Services.IEventBus, SLSKDONET.Services.DownloadManager)
Void .ctor(Microsoft.Extensions.Logging.ILogger`1[SLSKDONET.Views.MainViewModel], SLSKDONET.Configuration.AppConfig, SLSKDONET.Configuration.ConfigManager, SLSKDONET.Services.ISoulseekAdapter, SLSKDONET.Services.ISoulseekCredentialService, SLSKDONET.Services.INavigationService, SLSKDONET.ViewModels.PlayerViewModel, SLSKDONET.ViewModels.LibraryViewModel, SLSKDONET.ViewModels.SearchViewModel, SLSKDONET.ViewModels.ConnectionViewModel, SLSKDONET.ViewModels.SettingsViewModel)
   at Microsoft.Extensions.DependencyInjection.ServiceLookup.CallSiteFactory.CreateConstructorCallSite(ResultCache lifetime, ServiceIdentifier serviceIdentifier, Type implementationType, CallSiteChain callSiteChain)
   at Microsoft.Extensions.DependencyInjection.ServiceLookup.CallSiteFactory.TryCreateExact(ServiceDescriptor descriptor, ServiceIdentifier serviceIdentifier, CallSiteChain callSiteChain, Int32 slot)
   at Microsoft.Extensions.DependencyInjection.ServiceLookup.CallSiteFactory.TryCreateExact(ServiceIdentifier serviceIdentifier, CallSiteChain callSiteChain)
   at Microsoft.Extensions.DependencyInjection.ServiceLookup.CallSiteFactory.CreateCallSite(ServiceIdentifier serviceIdentifier, CallSiteChain callSiteChain)
   at Microsoft.Extensions.DependencyInjection.ServiceLookup.CallSiteFactory.GetCallSite(ServiceIdentifier serviceIdentifier, CallSiteChain callSiteChain)
   at Microsoft.Extensions.DependencyInjection.ServiceProvider.CreateServiceAccessor(ServiceIdentifier serviceIdentifier)
   at System.Collections.Concurrent.ConcurrentDictionary`2.GetOrAdd(TKey key, Func`2 valueFactory)
   at Microsoft.Extensions.DependencyInjection.ServiceProvider.GetService(ServiceIdentifier serviceIdentifier, ServiceProviderEngineScope serviceProviderEngineScope)
   at Microsoft.Extensions.DependencyInjection.ServiceProvider.GetService(Type serviceType)
   at Microsoft.Extensions.DependencyInjection.ServiceProviderServiceExtensions.GetRequiredService(IServiceProvider provider, Type serviceType)
   at Microsoft.Extensions.DependencyInjection.ServiceProviderServiceExtensions.GetRequiredService[T](IServiceProvider provider)
   at SLSKDONET.App.OnFrameworkInitializationCompleted() in C:\Users\quint\Github Hauwei\QMUSICSLSK\App.axaml.cs:line 60
   at Avalonia.AppBuilder.SetupUnsafe()
   at Avalonia.AppBuilder.Setup()
   at Avalonia.AppBuilder.SetupWithLifetime(IApplicationLifetime lifetime)
   at Avalonia.ClassicDesktopStyleApplicationLifetimeExtensions.StartWithClassicDesktopLifetime(AppBuilder builder, String[] args, Action`1 lifetimeBuilder)
   at SLSKDONET.Program.Main(String[] args) in C:\Users\quint\Github Hauwei\QMUSICSLSK\Program.cs:line 34
